android_app/app/build/intermediates/manifest_merge_blame_file/debug/processDebugMainManifest/manifest-merger-blame-debug-report.txt
1<?xml version="1.0" encoding="utf-8"?>
2<manifest xmlns:android="http://schemas.android.com/apk/res/android"
3    package="com.example.drillencoder"
4    android:versionCode="1"
5    android:versionName="1.0" >
6
7    <uses-sdk
8        android:minSdkVersion="24"
9        android:targetSdkVersion="34" />
10
11    <uses-feature android:name="android.hardware.camera.any" />
11-->src/main/AndroidManifest.xml:5:5-64
11-->src/main/AndroidManifest.xml:5:19-61
12
13    <uses-permission android:name="android.permission.CAMERA" />
13-->src/main/AndroidManifest.xml:6:5-65
13-->src/main/AndroidManifest.xml:6:22-62
14
15    <permission
15-->[androidx.core:core:1.12.0] AndroidManifest.xml:22:5-24:47
16        android:name="com.example.drillencoder.DYNAMIC_RECEIVER_NOT_EXPORTED_PERMISSION"
16-->[androidx.core:core:1.12.0] AndroidManifest.xml:23:9-81
17        android:protectionLevel="signature" />
17-->[androidx.core:core:1.12.0] AndroidManifest.xml:24:9-44
18
19    <uses-permission android:name="com.example.drillencoder.DYNAMIC_RECEIVER_NOT_EXPORTED_PERMISSION" />
19-->[androidx.core:core:1.12.0] AndroidManifest.xml:26:5-97
19-->[androidx.core:core:1.12.0] AndroidManifest.xml:26:22-94
20
21    <queries>
21-->[com.google.ar:core:1.52.0] AndroidManifest.xml:20:5-27:15
22        <package android:name="com.google.ar.core" />
22-->[com.google.ar:core:1.52.0] AndroidManifest.xml:21:9-54
22-->[com.google.ar:core:1.52.0] AndroidManifest.xml:21:18-51
23        <package android:name="com.android.vending" />
23-->[com.google.ar:core:1.52.0] AndroidManifest.xml:22:9-55
23-->[com.google.ar:core:1.52.0] AndroidManifest.xml:22:18-52
24
25        <intent>
25-->[com.google.ar:core:1.52.0] AndroidManifest.xml:24:9-26:18
26            <action android:name="com.google.android.play.core.install.BIND_INSTALL_SERVICE" />
26-->[com.google.ar:core:1.52.0] AndroidManifest.xml:25:13-96
26-->[com.google.ar:core:1.52.0] AndroidManifest.xml:25:21-93
27        </intent>
28    </queries>
29
30    <uses-permission android:name="android.permission.WRITE_EXTERNAL_STORAGE" />
31    <uses-permission android:name="android.permission.READ_PHONE_STATE" />
32    <uses-permission android:name="android.permission.READ_EXTERNAL_STORAGE" />
33
34    <application
34-->src/main/AndroidManifest.xml:8:5-26:19
35        android:appComponentFactory="androidx.core.app.CoreComponentFactory"
35-->[androidx.core:core:1.12.0] AndroidManifest.xml:28:18-86
36        android:debuggable="true"
37        android:extractNativeLibs="true"
38        android:label="Drill Encoder"
38-->src/main/AndroidManifest.xml:9:9-38
39        android:testOnly="true"
40        android:theme="@style/Theme.MaterialComponents.DayNight.NoActionBar" >
40-->src/main/AndroidManifest.xml:10:9-77
41        <activity
41-->src/main/AndroidManifest.xml:11:9-19:20
42            android:name="com.example.drillencoder.StartActivity"
42-->src/main/AndroidManifest.xml:12:13-42
43            android:exported="true"
43-->src/main/AndroidManifest.xml:13:13-36
44            android:theme="@style/Theme.MaterialComponents.DayNight.NoActionBar" >
44-->src/main/AndroidManifest.xml:14:13-81
45            <intent-filter>
45-->src/main/AndroidManifest.xml:15:13-18:29
46                <action android:name="android.intent.action.MAIN" />
46-->src/main/AndroidManifest.xml:16:17-69
46-->src/main/AndroidManifest.xml:16:25-66
47
48                <category android:name="android.intent.category.LAUNCHER" />
48-->src/main/AndroidManifest.xml:17:17-77
48-->src/main/AndroidManifest.xml:17:27-74
49            </intent-filter>
50        </activity>
51        <activity
51-->src/main/AndroidManifest.xml:20:9-23:84
52            android:name="com.example.drillencoder.MainActivity"
52-->src/main/AndroidManifest.xml:21:13-41
53            android:exported="false"
53-->src/main/AndroidManifest.xml:22:13-37
54            android:theme="@style/Theme.MaterialComponents.DayNight.NoActionBar" />
54-->src/main/AndroidManifest.xml:23:13-81
55
56        <meta-data
56-->src/main/AndroidManifest.xml:25:9-81
57            android:name="com.google.ar.core"
57-->src/main/AndroidManifest.xml:25:20-53
58            android:value="optional" />
58-->src/main/AndroidManifest.xml:25:54-78
59
60        <service
60-->[androidx.camera:camera-camera2:1.4.0] AndroidManifest.xml:24:9-33:19
61            android:name="androidx.camera.core.impl.MetadataHolderService"
61-->[androidx.camera:camera-camera2:1.4.0] AndroidManifest.xml:25:13-75
62            android:enabled="false"
62-->[androidx.camera:camera-camera2:1.4.0] AndroidManifest.xml:26:13-36
63            android:exported="false" >
63-->[androidx.camera:camera-camera2:1.4.0] AndroidManifest.xml:27:13-37
64            <meta-data
64-->[androidx.camera:camera-camera2:1.4.0] AndroidManifest.xml:30:13-32:89
65                android:name="androidx.camera.core.impl.MetadataHolderService.DEFAULT_CONFIG_PROVIDER"
65-->[androidx.camera:camera-camera2:1.4.0] AndroidManifest.xml:31:17-103
66                android:value="androidx.camera.camera2.Camera2Config$DefaultProvider" />
66-->[androidx.camera:camera-camera2:1.4.0] AndroidManifest.xml:32:17-86
67        </service>
68
69        <provider
69-->[androidx.emoji2:emoji2:1.2.0] AndroidManifest.xml:24:9-32:20
70            android:name="androidx.startup.InitializationProvider"
70-->[androidx.emoji2:emoji2:1.2.0] AndroidManifest.xml:25:13-67
71            android:authorities="com.example.drillencoder.androidx-startup"
71-->[androidx.emoji2:emoji2:1.2.0] AndroidManifest.xml:26:13-68
72            android:exported="false" >
72-->[androidx.emoji2:emoji2:1.2.0] AndroidManifest.xml:27:13-37
73            <meta-data
73-->[androidx.emoji2:emoji2:1.2.0] AndroidManifest.xml:29:13-31:52
74                android:name="androidx.emoji2.text.EmojiCompatInitializer"
74-->[androidx.emoji2:emoji2:1.2.0] AndroidManifest.xml:30:17-75
75                android:value="androidx.startup" />
75-->[androidx.emoji2:emoji2:1.2.0] AndroidManifest.xml:31:17-49
76            <meta-data
76-->[androidx.lifecycle:lifecycle-process:2.6.1] AndroidManifest.xml:29:13-31:52
77                android:name="androidx.lifecycle.ProcessLifecycleInitializer"
77-->[androidx.lifecycle:lifecycle-process:2.6.1] AndroidManifest.xml:30:17-78
78                android:value="androidx.startup" />
78-->[androidx.lifecycle:lifecycle-process:2.6.1] AndroidManifest.xml:31:17-49
79            <meta-data
79-->[androidx.profileinstaller:profileinstaller:1.3.0] AndroidManifest.xml:29:13-31:52
80                android:name="androidx.profileinstaller.ProfileInstallerInitializer"
80-->[androidx.profileinstaller:profileinstaller:1.3.0] AndroidManifest.xml:30:17-85
81                android:value="androidx.startup" />
81-->[androidx.profileinstaller:profileinstaller:1.3.0] AndroidManifest.xml:31:17-49
82        </provider>
83
84        <receiver
84-->[androidx.profileinstaller:profileinstaller:1.3.0] AndroidManifest.xml:34:9-52:20
85            android:name="androidx.profileinstaller.ProfileInstallReceiver"
85-->[androidx.profileinstaller:profileinstaller:1.3.0] AndroidManifest.xml:35:13-76
86            android:directBootAware="false"
86-->[androidx.profileinstaller:profileinstaller:1.3.0] AndroidManifest.xml:36:13-44
87            android:enabled="true"
87-->[androidx.profileinstaller:profileinstaller:1.3.0] AndroidManifest.xml:37:13-35
88            android:exported="true"
88-->[androidx.profileinstaller:profileinstaller:1.3.0] AndroidManifest.xml:38:13-36
89            android:permission="android.permission.DUMP" >
89-->[androidx.profileinstaller:profileinstaller:1.3.0] AndroidManifest.xml:39:13-57
90            <intent-filter>
90-->[androidx.profileinstaller:profileinstaller:1.3.0] AndroidManifest.xml:40:13-42:29
91                <action android:name="androidx.profileinstaller.action.INSTALL_PROFILE" />
91-->[androidx.profileinstaller:profileinstaller:1.3.0] AndroidManifest.xml:41:17-91
91-->[androidx.profileinstaller:profileinstaller:1.3.0] AndroidManifest.xml:41:25-88
92            </intent-filter>
93            <intent-filter>
93-->[androidx.profileinstaller:profileinstaller:1.3.0] AndroidManifest.xml:43:13-45:29
94                <action android:name="androidx.profileinstaller.action.SKIP_FILE" />
94-->[androidx.profileinstaller:profileinstaller:1.3.0] AndroidManifest.xml:44:17-85
94-->[androidx.profileinstaller:profileinstaller:1.3.0] AndroidManifest.xml:44:25-82
95            </intent-filter>
96            <intent-filter>
96-->[androidx.profileinstaller:profileinstaller:1.3.0] AndroidManifest.xml:46:13-48:29
97                <action android:name="androidx.profileinstaller.action.SAVE_PROFILE" />
97-->[androidx.profileinstaller:profileinstaller:1.3.0] AndroidManifest.xml:47:17-88
97-->[androidx.profileinstaller:profileinstaller:1.3.0] AndroidManifest.xml:47:25-85
98            </intent-filter>
99            <intent-filter>
99-->[androidx.profileinstaller:profileinstaller:1.3.0] AndroidManifest.xml:49:13-51:29
100                <action android:name="androidx.profileinstaller.action.BENCHMARK_OPERATION" />
100-->[androidx.profileinstaller:profileinstaller:1.3.0] AndroidManifest.xml:50:17-95
100-->[androidx.profileinstaller:profileinstaller:1.3.0] AndroidManifest.xml:50:25-92
101            </intent-filter>
102        </receiver> <!-- The minimal version code of ARCore APK required for an app using this SDK. -->
103        <meta-data
103-->[com.google.ar:core:1.52.0] AndroidManifest.xml:32:9-34:41
104            android:name="com.google.ar.core.min_apk_version"
104-->[com.google.ar:core:1.52.0] AndroidManifest.xml:33:13-62
105            android:value="252570000" /> <!-- This activity is critical for installing ARCore when it is not already present. -->
105-->[com.google.ar:core:1.52.0] AndroidManifest.xml:34:13-38
106        <activity
106-->[com.google.ar:core:1.52.0] AndroidManifest.xml:36:9-42:80
107            android:name="com.google.ar.core.InstallActivity"
107-->[com.google.ar:core:1.52.0] AndroidManifest.xml:37:13-62
108            android:configChanges="keyboardHidden|orientation|screenSize"
108-->[com.google.ar:core:1.52.0] AndroidManifest.xml:38:13-74
109            android:excludeFromRecents="true"
109-->[com.google.ar:core:1.52.0] AndroidManifest.xml:39:13-46
110            android:exported="false"
110-->[com.google.ar:core:1.52.0] AndroidManifest.xml:40:13-37
111            android:launchMode="singleTop"
111-->[com.google.ar:core:1.52.0] AndroidManifest.xml:41:13-43
112            android:theme="@android:style/Theme.Material.Light.Dialog.Alert" />
112-->[com.google.ar:core:1.52.0] AndroidManifest.xml:42:13-77
113        <!--
114 Applications that target Android S+ require explicit declaration of
115             any referenced vendor-provided libraries.
116        -->
117        <uses-native-library
117-->[com.google.ai.edge.litert:litert-gpu-api:1.4.1] AndroidManifest.xml:8:9-10:40
118            android:name="libOpenCL.so"
118-->[com.google.ai.edge.litert:litert-gpu-api:1.4.1] AndroidManifest.xml:9:13-40
119            android:required="false" />
119-->[com.google.ai.edge.litert:litert-gpu-api:1.4.1] AndroidManifest.xml:10:13-37
120        <uses-native-library
120-->[com.google.ai.edge.litert:litert-gpu-api:1.4.1] AndroidManifest.xml:8:9-10:40
121            android:name="libOpenCL-car.so"
121-->[com.google.ai.edge.litert:litert-gpu-api:1.4.1] AndroidManifest.xml:9:13-40
122            android:required="false" />
122-->[com.google.ai.edge.litert:litert-gpu-api:1.4.1] AndroidManifest.xml:10:13-37
123        <uses-native-library
123-->[com.google.ai.edge.litert:litert-gpu-api:1.4.1] AndroidManifest.xml:8:9-10:40
124            android:name="libOpenCL-pixel.so"
124-->[com.google.ai.edge.litert:litert-gpu-api:1.4.1] AndroidManifest.xml:9:13-40
125            android:required="false" />
125-->[com.google.ai.edge.litert:litert-gpu-api:1.4.1] AndroidManifest.xml:10:13-37
126    </application>
127
128</manifest>